Flow report for Rubikscam
Mon Dec 16 10:27:53 2013
Quartus II 32-bit Version 13.0.1 Build 232 06/12/2013 Service Pack 1 SJ Web Edition


---------------------
; Table of Contents ;
---------------------
  1. Legal Notice
  2. Flow Summary
  3. Flow Settings
  4. Flow Non-Default Global Settings
  5. Flow Elapsed Time
  6. Flow OS Summary
  7. Flow Log
  8. Flow Messages
  9. Flow Suppressed Messages



----------------
; Legal Notice ;
----------------
Copyright (C) 1991-2013 Altera Corporation
Your use of Altera Corporation's design tools, logic functions 
and other software and tools, and its AMPP partner logic 
functions, and any output files from any of the foregoing 
(including device programming or simulation files), and any 
associated documentation or information are expressly subject 
to the terms and conditions of the Altera Program License 
Subscription Agreement, Altera MegaCore Function License 
Agreement, or other applicable license agreement, including, 
without limitation, that your use is for the sole purpose of 
programming logic devices manufactured by Altera and sold by 
Altera or its authorized distributors.  Please refer to the 
applicable agreement for further details.



+--------------------------------------------------------------------------------------+
; Flow Summary                                                                         ;
+------------------------------------+-------------------------------------------------+
; Flow Status                        ; Successful - Mon Dec 16 10:27:53 2013           ;
; Quartus II 32-bit Version          ; 13.0.1 Build 232 06/12/2013 SP 1 SJ Web Edition ;
; Revision Name                      ; Rubikscam                                       ;
; Top-level Entity Name              ; Rubikscam                                       ;
; Family                             ; Cyclone II                                      ;
; Device                             ; EP2C35F672C6                                    ;
; Timing Models                      ; Final                                           ;
; Total logic elements               ; 5,145 / 33,216 ( 15 % )                         ;
;     Total combinational functions  ; 4,700 / 33,216 ( 14 % )                         ;
;     Dedicated logic registers      ; 2,164 / 33,216 ( 7 % )                          ;
; Total registers                    ; 2164                                            ;
; Total pins                         ; 145 / 475 ( 31 % )                              ;
; Total virtual pins                 ; 0                                               ;
; Total memory bits                  ; 0 / 483,840 ( 0 % )                             ;
; Embedded Multiplier 9-bit elements ; 0 / 70 ( 0 % )                                  ;
; Total PLLs                         ; 1 / 4 ( 25 % )                                  ;
+------------------------------------+-------------------------------------------------+


+-----------------------------------------+
; Flow Settings                           ;
+-------------------+---------------------+
; Option            ; Setting             ;
+-------------------+---------------------+
; Start date & time ; 12/16/2013 10:25:09 ;
; Main task         ; Compilation         ;
; Revision Name     ; Rubikscam           ;
+-------------------+---------------------+


+-----------------------------------------------------------------------------------------------------------------------------------------------+
; Flow Non-Default Global Settings                                                                                                              ;
+------------------------------------------------+-----------------------------------------------+---------------+-------------+----------------+
; Assignment Name                                ; Value                                         ; Default Value ; Entity Name ; Section Id     ;
+------------------------------------------------+-----------------------------------------------+---------------+-------------+----------------+
; COMPILER_SIGNATURE_ID                          ; 1096757865037.138718590805436                 ; --            ; --          ; --             ;
; EDA_SIMULATION_TOOL                            ; ModelSim (VHDL)                               ; <None>        ; --          ; --             ;
; EDA_USER_COMPILED_SIMULATION_LIBRARY_DIRECTORY ; C:\cygwin\home\Skw\Rubikscam\src\output_files ; --            ; --          ; eda_simulation ;
; IP_TOOL_NAME                                   ; RAM: 2-PORT                                   ; --            ; --          ; --             ;
; IP_TOOL_VERSION                                ; 13.0                                          ; --            ; --          ; --             ;
; MAX_CORE_JUNCTION_TEMP                         ; 85                                            ; --            ; --          ; --             ;
; MIN_CORE_JUNCTION_TEMP                         ; 0                                             ; --            ; --          ; --             ;
; MISC_FILE                                      ; triangle_ram.cmp                              ; --            ; --          ; --             ;
; PARTITION_COLOR                                ; 16764057                                      ; --            ; --          ; Top            ;
; PARTITION_FITTER_PRESERVATION_LEVEL            ; PLACEMENT_AND_ROUTING                         ; --            ; --          ; Top            ;
; PARTITION_NETLIST_TYPE                         ; SOURCE                                        ; --            ; --          ; Top            ;
; POWER_BOARD_THERMAL_MODEL                      ; None (CONSERVATIVE)                           ; --            ; --          ; --             ;
; POWER_PRESET_COOLING_SOLUTION                  ; 23 MM HEAT SINK WITH 200 LFPM AIRFLOW         ; --            ; --          ; --             ;
; PROJECT_OUTPUT_DIRECTORY                       ; output_files                                  ; --            ; --          ; --             ;
+------------------------------------------------+-----------------------------------------------+---------------+-------------+----------------+


+-------------------------------------------------------------------------------------------------------------------------------+
; Flow Elapsed Time                                                                                                             ;
+---------------------------+--------------+-------------------------+---------------------+------------------------------------+
; Module Name               ; Elapsed Time ; Average Processors Used ; Peak Virtual Memory ; Total CPU Time (on all processors) ;
+---------------------------+--------------+-------------------------+---------------------+------------------------------------+
; Analysis & Synthesis      ; 00:00:32     ; 1.0                     ; 391 MB              ; 00:00:33                           ;
; Fitter                    ; 00:01:44     ; 1.0                     ; 530 MB              ; 00:01:45                           ;
; Assembler                 ; 00:00:05     ; 1.0                     ; 360 MB              ; 00:00:04                           ;
; TimeQuest Timing Analyzer ; 00:00:05     ; 1.0                     ; 372 MB              ; 00:00:05                           ;
; EDA Netlist Writer        ; 00:00:07     ; 1.0                     ; 354 MB              ; 00:00:07                           ;
; Total                     ; 00:02:33     ; --                      ; --                  ; 00:02:34                           ;
+---------------------------+--------------+-------------------------+---------------------+------------------------------------+


+--------------------------------------------------------------------------------------------+
; Flow OS Summary                                                                            ;
+---------------------------+------------------+---------------+------------+----------------+
; Module Name               ; Machine Hostname ; OS Name       ; OS Version ; Processor type ;
+---------------------------+------------------+---------------+------------+----------------+
; Analysis & Synthesis      ; Skw_Desktop      ; Windows Vista ; 6.0        ; i686           ;
; Fitter                    ; Skw_Desktop      ; Windows Vista ; 6.0        ; i686           ;
; Assembler                 ; Skw_Desktop      ; Windows Vista ; 6.0        ; i686           ;
; TimeQuest Timing Analyzer ; Skw_Desktop      ; Windows Vista ; 6.0        ; i686           ;
; EDA Netlist Writer        ; Skw_Desktop      ; Windows Vista ; 6.0        ; i686           ;
+---------------------------+------------------+---------------+------------+----------------+


------------
; Flow Log ;
------------
quartus_map --read_settings_files=on --write_settings_files=off Rubikscam -c Rubikscam
quartus_fit --read_settings_files=off --write_settings_files=off Rubikscam -c Rubikscam
quartus_asm --read_settings_files=off --write_settings_files=off Rubikscam -c Rubikscam
quartus_sta Rubikscam -c Rubikscam
quartus_eda --read_settings_files=off --write_settings_files=off Rubikscam -c Rubikscam



